2019-04-16 09:26:55 Notice: Notice (8): Undefined index: Categories in [C:\xampp\htdocs\foodwish\vendor\cakephp\bake\src\View\Helper\DocBlockHelper.php, line 238]
Trace:
Cake\Error\BaseErrorHandler::handleError() - CORE\src\Error\BaseErrorHandler.php, line 159
Bake\View\Helper\DocBlockHelper::buildTableAnnotations() - ROOT\vendor\cakephp\bake\src\View\Helper\DocBlockHelper.php, line 238
Twig_Template::getAttribute() - ROOT\vendor\twig\twig\lib\Twig\Template.php, line 679
__TwigTemplate_7c6f46a889a9cd6f5230f0ac0e387d6a9dc0209f2e3e5192f965331f2683578f::doDisplay() - ROOT\tmp\cache\twigView\f8\f86b0f60d7568a94b416193c2a67df5ceeea6f8c1a81113c623b80f4d14a4b0e.php, line 22
Twig_Template::displayWithErrorHandling() - ROOT\vendor\twig\twig\lib\Twig\Template.php, line 432
Twig_Template::display() - ROOT\vendor\twig\twig\lib\Twig\Template.php, line 403
Twig_Template::render() - ROOT\vendor\twig\twig\lib\Twig\Template.php, line 411
WyriHaximus\TwigView\View\TwigView::_render() - ROOT\vendor\wyrihaximus\twig-view\src\View\TwigView.php, line 180
Bake\View\BakeView::render() - ROOT\vendor\cakephp\bake\src\View\BakeView.php, line 146
Bake\Shell\Task\BakeTemplateTask::generate() - ROOT\vendor\cakephp\bake\src\Shell\Task\BakeTemplateTask.php, line 91
Bake\Shell\Task\ModelTask::bakeTable() - ROOT\vendor\cakephp\bake\src\Shell\Task\ModelTask.php, line 956
Bake\Shell\Task\ModelTask::bake() - ROOT\vendor\cakephp\bake\src\Shell\Task\ModelTask.php, line 114
Bake\Shell\Task\ModelTask::main() - ROOT\vendor\cakephp\bake\src\Shell\Task\ModelTask.php, line 100
Bake\Shell\BakeShell::Bake\Shell\{closure}() - ROOT\vendor\cakephp\bake\src\Shell\BakeShell.php, line 272
Cake\Collection\Collection::each() - CORE\src\Collection\CollectionTrait.php, line 51
Bake\Shell\BakeShell::all() - ROOT\vendor\cakephp\bake\src\Shell\BakeShell.php, line 273
Cake\Console\Shell::runCommand() - CORE\src\Console\Shell.php, line 518
Cake\Console\CommandRunner::runShell() - CORE\src\Console\CommandRunner.php, line 342
Cake\Console\CommandRunner::run() - CORE\src\Console\CommandRunner.php, line 164
[main] - ROOT\bin\cake.php, line 12



